[2024-03-08 06:15:53] local.ERROR: Please provide a valid cache path. {"exception":"[object] (InvalidArgumentException(code: 0): Please provide a valid cache path. at C:\\laragon\\www\\documentacion\\00proyectos_laravel\\pruebas\\vendor\\laravel\\framework\\src\\Illuminate\\View\\Compilers\\Compiler.php:67)
[stacktrace]
#0 C:\\laragon\\www\\documentacion\\00proyectos_laravel\\pruebas\\vendor\\laravel\\framework\\src\\Illuminate\\View\\ViewServiceProvider.php(101): Illuminate\\View\\Compilers\\Compiler->__construct(Object(Illuminate\\Filesystem\\Filesystem), false, '', true, 'php')
#1 C:\\laragon\\www\\documentacion\\00proyectos_laravel\\pruebas\\vendor\\laravel\\framework\\src\\Illuminate\\Container\\Container.php(908): Illuminate\\View\\ViewServiceProvider->Illuminate\\View\\{closure}(Object(Illuminate\\Foundation\\Application), Array)
#2 C:\\laragon\\www\\documentacion\\00proyectos_laravel\\pruebas\\vendor\\laravel\\framework\\src\\Illuminate\\Container\\Container.php(795): Illuminate\\Container\\Container->build(Object(Closure))
#3 C:\\laragon\\www\\documentacion\\00proyectos_laravel\\pruebas\\vendor\\laravel\\framework\\src\\Illuminate\\Foundation\\Application.php(957): Illuminate\\Container\\Container->resolve('blade.compiler', Array, true)
#4 C:\\laragon\\www\\documentacion\\00proyectos_laravel\\pruebas\\vendor\\laravel\\framework\\src\\Illuminate\\Container\\Container.php(731): Illuminate\\Foundation\\Application->resolve('blade.compiler', Array)
#5 C:\\laragon\\www\\documentacion\\00proyectos_laravel\\pruebas\\vendor\\laravel\\framework\\src\\Illuminate\\Foundation\\Application.php(942): Illuminate\\Container\\Container->make('blade.compiler', Array)
#6 C:\\laragon\\www\\documentacion\\00proyectos_laravel\\pruebas\\vendor\\laravel\\framework\\src\\Illuminate\\Container\\Container.php(1454): Illuminate\\Foundation\\Application->make('blade.compiler')
#7 C:\\laragon\\www\\documentacion\\00proyectos_laravel\\pruebas\\vendor\\graham-campbell\\markdown\\src\\MarkdownServiceProvider.php(136): Illuminate\\Container\\Container->offsetGet('blade.compiler')
#8 C:\\laragon\\www\\documentacion\\00proyectos_laravel\\pruebas\\vendor\\graham-campbell\\markdown\\src\\MarkdownServiceProvider.php(53): GrahamCampbell\\Markdown\\MarkdownServiceProvider->enableBladeDirective()
#9 C:\\laragon\\www\\documentacion\\00proyectos_laravel\\pruebas\\vendor\\laravel\\framework\\src\\Illuminate\\Container\\BoundMethod.php(36): GrahamCampbell\\Markdown\\MarkdownServiceProvider->boot()
#10 C:\\laragon\\www\\documentacion\\00proyectos_laravel\\pruebas\\vendor\\laravel\\framework\\src\\Illuminate\\Container\\Util.php(41): Illuminate\\Container\\BoundMethod::Illuminate\\Container\\{closure}()
#11 C:\\laragon\\www\\documentacion\\00proyectos_laravel\\pruebas\\vendor\\laravel\\framework\\src\\Illuminate\\Container\\BoundMethod.php(93): Illuminate\\Container\\Util::unwrapIfClosure(Object(Closure))
#12 C:\\laragon\\www\\documentacion\\00proyectos_laravel\\pruebas\\vendor\\laravel\\framework\\src\\Illuminate\\Container\\BoundMethod.php(37): Illuminate\\Container\\BoundMethod::callBoundMethod(Object(Illuminate\\Foundation\\Application), Array, Object(Closure))
#13 C:\\laragon\\www\\documentacion\\00proyectos_laravel\\pruebas\\vendor\\laravel\\framework\\src\\Illuminate\\Container\\Container.php(662): Illuminate\\Container\\BoundMethod::call(Object(Illuminate\\Foundation\\Application), Array, Array, NULL)
#14 C:\\laragon\\www\\documentacion\\00proyectos_laravel\\pruebas\\vendor\\laravel\\framework\\src\\Illuminate\\Foundation\\Application.php(1030): Illuminate\\Container\\Container->call(Array)
#15 C:\\laragon\\www\\documentacion\\00proyectos_laravel\\pruebas\\vendor\\laravel\\framework\\src\\Illuminate\\Foundation\\Application.php(1011): Illuminate\\Foundation\\Application->bootProvider(Object(GrahamCampbell\\Markdown\\MarkdownServiceProvider))
#16 [internal function]: Illuminate\\Foundation\\Application->Illuminate\\Foundation\\{closure}(Object(GrahamCampbell\\Markdown\\MarkdownServiceProvider), 15)
#17 C:\\laragon\\www\\documentacion\\00proyectos_laravel\\pruebas\\vendor\\laravel\\framework\\src\\Illuminate\\Foundation\\Application.php(1012): array_walk(Array, Object(Closure))
#18 C:\\laragon\\www\\documentacion\\00proyectos_laravel\\pruebas\\vendor\\laravel\\framework\\src\\Illuminate\\Foundation\\Bootstrap\\BootProviders.php(17): Illuminate\\Foundation\\Application->boot()
#19 C:\\laragon\\www\\documentacion\\00proyectos_laravel\\pruebas\\vendor\\laravel\\framework\\src\\Illuminate\\Foundation\\Application.php(263): Illuminate\\Foundation\\Bootstrap\\BootProviders->bootstrap(Object(Illuminate\\Foundation\\Application))
#20 C:\\laragon\\www\\documentacion\\00proyectos_laravel\\pruebas\\vendor\\laravel\\framework\\src\\Illuminate\\Foundation\\Console\\Kernel.php(447): Illuminate\\Foundation\\Application->bootstrapWith(Array)
#21 C:\\laragon\\www\\documentacion\\00proyectos_laravel\\pruebas\\vendor\\laravel\\framework\\src\\Illuminate\\Foundation\\Console\\Kernel.php(199): Illuminate\\Foundation\\Console\\Kernel->bootstrap()
#22 C:\\laragon\\www\\documentacion\\00proyectos_laravel\\pruebas\\artisan(37): Illuminate\\Foundation\\Console\\Kernel->handle(Object(Symfony\\Component\\Console\\Input\\ArgvInput), Object(Symfony\\Component\\Console\\Output\\ConsoleOutput))
#23 {main}
"} 
[2024-03-08 06:15:59] local.ERROR: Please provide a valid cache path. {"exception":"[object] (InvalidArgumentException(code: 0): Please provide a valid cache path. at C:\\laragon\\www\\documentacion\\00proyectos_laravel\\pruebas\\vendor\\laravel\\framework\\src\\Illuminate\\View\\Compilers\\Compiler.php:67)
[stacktrace]
#0 C:\\laragon\\www\\documentacion\\00proyectos_laravel\\pruebas\\vendor\\laravel\\framework\\src\\Illuminate\\View\\ViewServiceProvider.php(101): Illuminate\\View\\Compilers\\Compiler->__construct(Object(Illuminate\\Filesystem\\Filesystem), false, '', true, 'php')
#1 C:\\laragon\\www\\documentacion\\00proyectos_laravel\\pruebas\\vendor\\laravel\\framework\\src\\Illuminate\\Container\\Container.php(908): Illuminate\\View\\ViewServiceProvider->Illuminate\\View\\{closure}(Object(Illuminate\\Foundation\\Application), Array)
#2 C:\\laragon\\www\\documentacion\\00proyectos_laravel\\pruebas\\vendor\\laravel\\framework\\src\\Illuminate\\Container\\Container.php(795): Illuminate\\Container\\Container->build(Object(Closure))
#3 C:\\laragon\\www\\documentacion\\00proyectos_laravel\\pruebas\\vendor\\laravel\\framework\\src\\Illuminate\\Foundation\\Application.php(957): Illuminate\\Container\\Container->resolve('blade.compiler', Array, true)
#4 C:\\laragon\\www\\documentacion\\00proyectos_laravel\\pruebas\\vendor\\laravel\\framework\\src\\Illuminate\\Container\\Container.php(731): Illuminate\\Foundation\\Application->resolve('blade.compiler', Array)
#5 C:\\laragon\\www\\documentacion\\00proyectos_laravel\\pruebas\\vendor\\laravel\\framework\\src\\Illuminate\\Foundation\\Application.php(942): Illuminate\\Container\\Container->make('blade.compiler', Array)
#6 C:\\laragon\\www\\documentacion\\00proyectos_laravel\\pruebas\\vendor\\laravel\\framework\\src\\Illuminate\\Container\\Container.php(1454): Illuminate\\Foundation\\Application->make('blade.compiler')
#7 C:\\laragon\\www\\documentacion\\00proyectos_laravel\\pruebas\\vendor\\graham-campbell\\markdown\\src\\MarkdownServiceProvider.php(136): Illuminate\\Container\\Container->offsetGet('blade.compiler')
#8 C:\\laragon\\www\\documentacion\\00proyectos_laravel\\pruebas\\vendor\\graham-campbell\\markdown\\src\\MarkdownServiceProvider.php(53): GrahamCampbell\\Markdown\\MarkdownServiceProvider->enableBladeDirective()
#9 C:\\laragon\\www\\documentacion\\00proyectos_laravel\\pruebas\\vendor\\laravel\\framework\\src\\Illuminate\\Container\\BoundMethod.php(36): GrahamCampbell\\Markdown\\MarkdownServiceProvider->boot()
#10 C:\\laragon\\www\\documentacion\\00proyectos_laravel\\pruebas\\vendor\\laravel\\framework\\src\\Illuminate\\Container\\Util.php(41): Illuminate\\Container\\BoundMethod::Illuminate\\Container\\{closure}()
#11 C:\\laragon\\www\\documentacion\\00proyectos_laravel\\pruebas\\vendor\\laravel\\framework\\src\\Illuminate\\Container\\BoundMethod.php(93): Illuminate\\Container\\Util::unwrapIfClosure(Object(Closure))
#12 C:\\laragon\\www\\documentacion\\00proyectos_laravel\\pruebas\\vendor\\laravel\\framework\\src\\Illuminate\\Container\\BoundMethod.php(37): Illuminate\\Container\\BoundMethod::callBoundMethod(Object(Illuminate\\Foundation\\Application), Array, Object(Closure))
#13 C:\\laragon\\www\\documentacion\\00proyectos_laravel\\pruebas\\vendor\\laravel\\framework\\src\\Illuminate\\Container\\Container.php(662): Illuminate\\Container\\BoundMethod::call(Object(Illuminate\\Foundation\\Application), Array, Array, NULL)
#14 C:\\laragon\\www\\documentacion\\00proyectos_laravel\\pruebas\\vendor\\laravel\\framework\\src\\Illuminate\\Foundation\\Application.php(1030): Illuminate\\Container\\Container->call(Array)
#15 C:\\laragon\\www\\documentacion\\00proyectos_laravel\\pruebas\\vendor\\laravel\\framework\\src\\Illuminate\\Foundation\\Application.php(1011): Illuminate\\Foundation\\Application->bootProvider(Object(GrahamCampbell\\Markdown\\MarkdownServiceProvider))
#16 [internal function]: Illuminate\\Foundation\\Application->Illuminate\\Foundation\\{closure}(Object(GrahamCampbell\\Markdown\\MarkdownServiceProvider), 15)
#17 C:\\laragon\\www\\documentacion\\00proyectos_laravel\\pruebas\\vendor\\laravel\\framework\\src\\Illuminate\\Foundation\\Application.php(1012): array_walk(Array, Object(Closure))
#18 C:\\laragon\\www\\documentacion\\00proyectos_laravel\\pruebas\\vendor\\laravel\\framework\\src\\Illuminate\\Foundation\\Bootstrap\\BootProviders.php(17): Illuminate\\Foundation\\Application->boot()
#19 C:\\laragon\\www\\documentacion\\00proyectos_laravel\\pruebas\\vendor\\laravel\\framework\\src\\Illuminate\\Foundation\\Application.php(263): Illuminate\\Foundation\\Bootstrap\\BootProviders->bootstrap(Object(Illuminate\\Foundation\\Application))
#20 C:\\laragon\\www\\documentacion\\00proyectos_laravel\\pruebas\\vendor\\laravel\\framework\\src\\Illuminate\\Foundation\\Console\\Kernel.php(447): Illuminate\\Foundation\\Application->bootstrapWith(Array)
#21 C:\\laragon\\www\\documentacion\\00proyectos_laravel\\pruebas\\vendor\\laravel\\framework\\src\\Illuminate\\Foundation\\Console\\Kernel.php(199): Illuminate\\Foundation\\Console\\Kernel->bootstrap()
#22 C:\\laragon\\www\\documentacion\\00proyectos_laravel\\pruebas\\artisan(37): Illuminate\\Foundation\\Console\\Kernel->handle(Object(Symfony\\Component\\Console\\Input\\ArgvInput), Object(Symfony\\Component\\Console\\Output\\ConsoleOutput))
#23 {main}
"} 
